Flutter crash report.
Please report a bug at https://github.com/flutter/flutter/issues.

## command

flutter run

## exception

DartDevelopmentServiceException: DartDevelopmentServiceException: Failed to start Dart Development Service

```
```

## flutter doctor

```
[32m[✓][39m Flutter (Channel master, 3.40.0-0.1.pre, on Microsoft Windows [Version 10.0.19045.6466], locale en-GB) [5.5s]
    [32m•[39m Flutter version 3.40.0-0.1.pre on channel master at C:\Users\itsaq\Flutter sdk\flutter
    [32m•[39m Upstream repository https://github.com/flutter/flutter.git
    [32m•[39m Framework revision 1cfb17ff97 (10 days ago), 2025-12-01 22:00:14 -0500
    [32m•[39m Engine revision 1cfb17ff97
    [32m•[39m Dart version 3.11.0 (build 3.11.0-191.0.dev)
    [32m•[39m DevTools version 2.52.0
    [32m•[39m Feature flags: enable-web, enable-linux-desktop, enable-macos-desktop, enable-windows-desktop,
      enable-android, enable-ios, cli-animations, enable-native-assets, omit-legacy-version-file,
      enable-lldb-debugging, enable-uiscene-migration

[32m[✓][39m Windows Version (Windows 10, 22H2, 2009) [5.1s]

[32m[✓][39m Android toolchain - develop for Android devices (Android SDK version 36.0.0) [8.5s]
    [32m•[39m Android SDK at C:\Users\itsaq\AppData\Local\Android\sdk
    [32m•[39m Emulator version 35.6.11.0 (build_id 13610412) (CL:N/A)
    [32m•[39m Platform android-36, build-tools 36.0.0
    [32m•[39m Java binary at: C:\Program Files\Android\Android Studio\jbr\bin\java
      This is the JDK bundled with the latest Android Studio installation on this machine.
      To manually set the JDK path, use: `flutter config --jdk-dir="path/to/jdk"`.
    [32m•[39m Java version OpenJDK Runtime Environment (build 21.0.6+-13391695-b895.109)
    [32m•[39m All Android licenses accepted.

[32m[✓][39m Chrome - develop for the web [222ms]
    [32m•[39m Chrome at C:\Program Files\Google\Chrome\Application\chrome.exe

[32m[✓][39m Visual Studio - develop Windows apps (Visual Studio Community 2022 17.14.9 (July 2025)) [220ms]
    [32m•[39m Visual Studio at C:\Program Files\Microsoft Visual Studio\2022\Community
    [32m•[39m Visual Studio Community 2022 version 17.14.36310.24
    [32m•[39m Windows 10 SDK version 10.0.26100.0

[32m[✓][39m Connected device (3 available) [307ms]
    [32m•[39m Windows (desktop) • windows • windows-x64    • Microsoft Windows [Version 10.0.19045.6466]
    [32m•[39m Chrome (web)      • chrome  • web-javascript • Google Chrome 142.0.7444.177
    [32m•[39m Edge (web)        • edge    • web-javascript • Microsoft Edge 143.0.3650.75

[32m[✓][39m Network resources [678ms]
    [32m•[39m All expected network resources are available.

[32m•[39m No issues found!
```
